<?xml version="1.0" encoding="UTF-8"?>
<testsuite hostname="LWO1-DHP-F54947" name="InstabeatSanity.Tests.SanityTestNG" tests="3" failures="0" timestamp="21 Aug 2014 13:08:28 GMT" time="130.786" errors="0">
  <testcase name="checkAllLinksOnWebPage" time="96.02" classname="InstabeatSanity.Tests.SanityTestNG"/>
  <testcase name="UserCanLogin" time="11.767" classname="InstabeatSanity.Tests.SanityTestNG"/>
  <testcase name="UserCannotLogin" time="5.495" classname="InstabeatSanity.Tests.SanityTestNG"/>
</testsuite>
