<?xml version="1.0" encoding="UTF-8"?>
<testng-results skipped="0" failed="0" total="2" passed="2">
  <reporter-output>
  </reporter-output>
  <suite name="InstabeatTests by groups" duration-ms="93834" started-at="2014-12-12T15:27:50Z" finished-at="2014-12-12T15:29:24Z">
    <groups>
      <group name="Sanity">
        <method signature="RegressionTests.UserCanLogin()[pri:0, instance:InstabeatSanity.Tests.RegressionTests@2ff4f00f]" name="UserCanLogin" class="InstabeatSanity.Tests.RegressionTests"/>
        <method signature="RegressionTests.UserCanRegister()[pri:0, instance:InstabeatSanity.Tests.RegressionTests@2ff4f00f]" name="UserCanRegister" class="InstabeatSanity.Tests.RegressionTests"/>
      </group> <!-- Sanity -->
    </groups>
    <test name="GRP-Sanity" duration-ms="93834" started-at="2014-12-12T15:27:50Z" finished-at="2014-12-12T15:29:24Z">
      <class name="InstabeatSanity.Tests.RegressionTests">
        <test-method status="PASS" signature="BeforeGroup()[pri:0, instance:InstabeatSanity.Tests.RegressionTests@2ff4f00f]" name="BeforeGroup" is-config="true" duration-ms="9923" started-at="2014-12-12T17:27:50Z" finished-at="2014-12-12T17:28:00Z">
          <reporter-output>
          </reporter-output>
        </test-method> <!-- BeforeGroup -->
        <test-method status="PASS" signature="UserCanLogin()[pri:0, instance:InstabeatSanity.Tests.RegressionTests@2ff4f00f]" name="UserCanLogin" duration-ms="12705" started-at="2014-12-12T17:28:00Z" finished-at="2014-12-12T17:28:12Z">
          <reporter-output>
          </reporter-output>
        </test-method> <!-- UserCanLogin -->
        <test-method status="PASS" signature="UserCanRegister()[pri:0, instance:InstabeatSanity.Tests.RegressionTests@2ff4f00f]" name="UserCanRegister" duration-ms="70235" started-at="2014-12-12T17:28:12Z" finished-at="2014-12-12T17:29:23Z">
          <reporter-output>
          </reporter-output>
        </test-method> <!-- UserCanRegister -->
        <test-method status="PASS" signature="AfterGroup()[pri:0, instance:InstabeatSanity.Tests.RegressionTests@2ff4f00f]" name="AfterGroup" is-config="true" duration-ms="937" started-at="2014-12-12T17:29:23Z" finished-at="2014-12-12T17:29:24Z">
          <reporter-output>
          </reporter-output>
        </test-method> <!-- AfterGroup -->
      </class> <!-- InstabeatSanity.Tests.RegressionTests -->
    </test> <!-- GRP-Sanity -->
  </suite> <!-- InstabeatTests by groups -->
</testng-results>
