<?xml version="1.0" encoding="UTF-8"?>
<!-- Generated by org.testng.reporters.JUnitXMLReporter -->
<testsuite hostname="LWO1-LHP-F49053" name="FirefoxTest" tests="1" failures="1" timestamp="26 Nov 2014 12:09:08 GMT" time="53.85" errors="0">
  <testcase name="UserCanLogin" time="41.189" classname="InstabeatSanity.Tests.SanityTestNG">
    <failure type="java.lang.NullPointerException">
      <![CDATA[java.lang.NullPointerException
	at org.openqa.selenium.support.pagefactory.internal.LocatingElementHandler.invoke(LocatingElementHandler.java:50)
	at com.sun.proxy.$Proxy7.clear(Unknown Source)
	at instabeat.utils.Utils.clearField(Utils.java:139)
	at instabeat.pages.LoginPage.typeUserEmail(LoginPage.java:37)
	at InstabeatSanity.Tests.SanityTestNG.UserCanLogin(SanityTestNG.java:43)
	at java.util.concurrent.FutureTask.run(Unknown Source)
	at java.util.concurrent.ThreadPoolExecutor.runWorker(Unknown Source)
	at java.util.concurrent.ThreadPoolExecutor$Worker.run(Unknown Source)
	at java.lang.Thread.run(Unknown Source)
... Removed 20 stack frames]]>
    </failure>
  </testcase> <!-- UserCanLogin -->
</testsuite> <!-- FirefoxTest -->
