<?xml version="1.0" encoding="UTF-8"?>
<!-- Generated by org.testng.reporters.JUnitXMLReporter -->
<testsuite hostname="LWO1-DHP-F54947" name="IETest" tests="1" failures="1" timestamp="21 Aug 2014 11:58:46 GMT" time="149.409" errors="0">
  <testcase name="UserCanLogin" time="140.351" classname="InstabeatSanity.Tests.SanityTestNG">
    <failure type="java.lang.AssertionError" message="expected [true] but found [false]">
      <![CDATA[java.lang.AssertionError: expected [true] but found [false]
	at instabeat.pages.LoginPage.isUserLoggedIn(LoginPage.java:34)
	at InstabeatSanity.Tests.SanityTestNG.UserCanLogin(SanityTestNG.java:49)
	at java.util.concurrent.FutureTask.run(Unknown Source)
	at java.util.concurrent.ThreadPoolExecutor.runWorker(Unknown Source)
	at java.util.concurrent.ThreadPoolExecutor$Worker.run(Unknown Source)
	at java.lang.Thread.run(Unknown Source)
... Removed 20 stack frames]]>
    </failure>
  </testcase> <!-- UserCanLogin -->
</testsuite> <!-- IETest -->
